<?xml version="1.0" encoding="UTF-8"?>
<!-- Generated by org.testng.reporters.JUnitReportReporter -->
<testsuite hostname="Prakash_Muthu" failures="0" tests="3" name="day06.practice2" time="4.937" errors="0" timestamp="2023-08-14T10:32:20 IST" skipped="0">
  <testcase classname="day06.practice2" name="register1" time="2.917"/>
  <system-out/>
  <testcase classname="day06.practice2" name="register1" time="1.834"/>
  <system-out/>
  <testcase classname="day06.practice2" name="mousehover1" time="0.186"/>
  <system-out/>
</testsuite> <!-- day06.practice2 -->
