<?xml version="1.0" encoding="UTF-8"?>
<!-- Generated by org.testng.reporters.JUnitReportReporter -->
<testsuite hostname="Prakash_Muthu" failures="0" tests="2" name="day07.program01" time="0.007" errors="0" timestamp="2023-04-03T08:33:15 IST" skipped="0">
  <testcase classname="day07.program01" name="testcase01" time="0.006"/>
  <system-out/>
  <testcase classname="day07.program01" name="testcase03" time="0.001"/>
  <system-out/>
</testsuite> <!-- day07.program01 -->
