<?xml version="1.0" encoding="UTF-8"?>
<!-- Generated by org.testng.reporters.JUnitReportReporter -->
<testsuite hostname="Prakash_Muthu" failures="0" tests="3" name="day07.program03" time="62.063" errors="0" timestamp="2023-04-13T10:32:24 IST" skipped="0">
  <testcase classname="day07.program03" name="testcase" time="15.139"/>
  <system-out/>
  <testcase classname="day07.program03" name="testcase" time="32.170"/>
  <system-out/>
  <testcase classname="day07.program03" name="testcase" time="14.754"/>
  <system-out/>
</testsuite> <!-- day07.program03 -->
