<?xml version="1.0" encoding="UTF-8"?>
<!-- Generated by org.testng.reporters.JUnitReportReporter -->
<testsuite hostname="Prakash_Muthu" failures="0" tests="3" name="day07.program03" time="39.226" errors="0" timestamp="2023-04-24T17:42:54 IST" skipped="0">
  <testcase classname="day07.program03" name="testcase" time="9.423"/>
  <system-out/>
  <testcase classname="day07.program03" name="testcase" time="10.600"/>
  <system-out/>
  <testcase classname="day07.program03" name="testcase" time="19.203"/>
  <system-out/>
</testsuite> <!-- day07.program03 -->
