<?xml version="1.0" encoding="UTF-8"?>
<!-- Generated by org.testng.reporters.JUnitReportReporter -->
<testsuite hostname="Prakash_Muthu" failures="0" tests="3" name="day06.practice3" time="0.009" errors="0" timestamp="2023-10-04T19:22:25 IST" skipped="0">
  <testcase classname="day06.practice3" name="test1" time="0.004"/>
  <system-out/>
  <testcase classname="day06.practice3" name="test1" time="0.001"/>
  <system-out/>
  <testcase classname="day06.practice3" name="test2" time="0.004"/>
  <system-out/>
</testsuite> <!-- day06.practice3 -->
