<?xml version="1.0" encoding="UTF-8"?>
<!-- Generated by org.testng.reporters.JUnitReportReporter -->
<testsuite hostname="Prakash_Muthu" failures="0" tests="2" name="day08.program03" time="18.105" errors="0" timestamp="2023-04-05T08:59:02 IST" skipped="0">
  <testcase classname="day08.program03" name="chromeuser2" time="8.028"/>
  <system-out/>
  <testcase classname="day08.program03" name="chromeuser1" time="10.077"/>
  <system-out/>
</testsuite> <!-- day08.program03 -->
