<?xml version="1.0" encoding="UTF-8"?>
<!-- Generated by org.testng.reporters.JUnitReportReporter -->
<testsuite hostname="Prakash_Muthu" failures="0" tests="2" name="day06.practice1" time="71.834" errors="0" timestamp="2023-04-10T09:34:37 IST" skipped="0">
  <testcase classname="day06.practice1" name="register" time="30.888"/>
  <system-out/>
  <testcase classname="day06.practice1" name="register" time="40.946"/>
  <system-out/>
</testsuite> <!-- day06.practice1 -->
