<?xml version="1.0" encoding="UTF-8"?>
<!-- Generated by org.testng.reporters.JUnitReportReporter -->
<testsuite hostname="Prakash_Muthu" failures="0" tests="4" name="day08.program02" time="36.779" errors="0" timestamp="2023-04-05T08:59:54 IST" skipped="0">
  <testcase classname="day08.program02" name="chromeuser1" time="8.140"/>
  <system-out/>
  <testcase classname="day08.program02" name="edgeuser1" time="9.813"/>
  <system-out/>
  <testcase classname="day08.program02" name="chromeuser2" time="8.613"/>
  <system-out/>
  <testcase classname="day08.program02" name="edgeuser2" time="10.213"/>
  <system-out/>
</testsuite> <!-- day08.program02 -->
