<?xml version="1.0" encoding="UTF-8"?>
<!-- Generated by org.testng.reporters.JUnitReportReporter -->
<testsuite hostname="Prakash_Muthu" failures="0" tests="2" name="day06.program01" time="0.006" errors="0" timestamp="2023-04-02T09:43:51 IST" skipped="0">
  <testcase classname="day06.program01" name="testcase4" time="0.005"/>
  <system-out/>
  <testcase classname="day06.program01" name="testcase3" time="0.001"/>
  <system-out/>
</testsuite> <!-- day06.program01 -->
