<?xml version="1.0" encoding="UTF-8"?>
<!-- Generated by org.testng.reporters.JUnitReportReporter -->
<testsuite hostname="Prakash_Muthu" failures="0" tests="3" name="day07.program03" time="27.489" errors="0" timestamp="2023-04-03T09:14:36 IST" skipped="0">
  <testcase classname="day07.program03" name="testcase" time="12.689"/>
  <system-out/>
  <testcase classname="day07.program03" name="testcase" time="8.463"/>
  <system-out/>
  <testcase classname="day07.program03" name="testcase" time="6.337"/>
  <system-out/>
</testsuite> <!-- day07.program03 -->
