<?xml version="1.0" encoding="UTF-8"?>
<!-- Generated by org.testng.reporters.JUnitReportReporter -->
<testsuite hostname="Prakash_Muthu" failures="0" tests="3" name="day07.program03" time="16.585" errors="0" timestamp="2023-04-05T18:02:36 IST" skipped="0">
  <testcase classname="day07.program03" name="testcase" time="7.605"/>
  <system-out/>
  <testcase classname="day07.program03" name="testcase" time="4.700"/>
  <system-out/>
  <testcase classname="day07.program03" name="testcase" time="4.280"/>
  <system-out/>
</testsuite> <!-- day07.program03 -->
