<?xml version="1.0" encoding="UTF-8"?>
<!-- Generated by org.testng.reporters.JUnitReportReporter -->
<testsuite hostname="Prakash_Muthu" failures="0" tests="3" name="day06.program05" time="0.020" errors="0" timestamp="2023-05-13T09:56:29 IST" skipped="0">
  <testcase classname="day06.program05" name="testcase1" time="0.015"/>
  <system-out/>
  <testcase classname="day06.program05" name="testcase2" time="0.003"/>
  <system-out/>
  <testcase classname="day06.program05" name="testcase3" time="0.002"/>
  <system-out/>
</testsuite> <!-- day06.program05 -->
