<?xml version="1.0" encoding="UTF-8"?>
<!-- Generated by org.testng.reporters.JUnitReportReporter -->
<testsuite hostname="Prakash_Muthu" failures="0" tests="2" name="day08.program04" time="18.983" errors="0" timestamp="2023-04-05T08:59:02 IST" skipped="0">
  <testcase classname="day08.program04" name="edgeuser2" time="7.071"/>
  <system-out/>
  <testcase classname="day08.program04" name="edgeuser1" time="11.912"/>
  <system-out/>
</testsuite> <!-- day08.program04 -->
