<?xml version="1.0" encoding="UTF-8"?>
<!-- Generated by org.testng.reporters.JUnitReportReporter -->
<testsuite hostname="Prakash_Muthu" failures="0" tests="4" name="day07.program02" time="0.009" errors="0" timestamp="2023-04-03T09:02:05 IST" skipped="0">
  <testcase classname="day07.program02" name="testcase07" time="0.002"/>
  <system-out/>
  <testcase classname="day07.program02" name="testcase08" time="0.001"/>
  <system-out/>
  <testcase classname="day07.program02" name="testcase05" time="0.005"/>
  <system-out/>
  <testcase classname="day07.program02" name="testcase06" time="0.001"/>
  <system-out/>
</testsuite> <!-- day07.program02 -->
