<?xml version="1.0" encoding="UTF-8"?>
<!-- Generated by org.testng.reporters.JUnitReportReporter -->
<testsuite hostname="Prakash_Muthu" failures="0" tests="3" name="day06.program05" time="0.006" errors="0" timestamp="2023-04-03T09:34:47 IST" skipped="0">
  <testcase classname="day06.program05" name="testcase1" time="0.004"/>
  <system-out/>
  <testcase classname="day06.program05" name="testcase2" time="0.001"/>
  <system-out/>
  <testcase classname="day06.program05" name="testcase3" time="0.001"/>
  <system-out/>
</testsuite> <!-- day06.program05 -->
