<?xml version="1.0" encoding="UTF-8"?>
<!-- Generated by org.testng.reporters.JUnitReportReporter -->
<testsuite hostname="Prakash_Muthu" failures="0" tests="3" name="day06.program06" time="0.012" errors="0" timestamp="2023-04-03T09:35:00 IST" skipped="0">
  <testcase classname="day06.program06" name="testcase3" time="0.002"/>
  <system-out/>
  <testcase classname="day06.program06" name="testcase1" time="0.009"/>
  <system-out/>
  <testcase classname="day06.program06" name="testcase2" time="0.001"/>
  <system-out/>
</testsuite> <!-- day06.program06 -->
