<?xml version="1.0" encoding="UTF-8"?>
<!-- Generated by org.testng.reporters.JUnitReportReporter -->
<testsuite hostname="Prakash_Muthu" failures="0" tests="1" name="practice.testng" time="10.856" errors="0" timestamp="2023-04-25T18:14:08 IST" skipped="0">
  <testcase classname="practice.testng" name="login" time="10.856"/>
  <system-out/>
</testsuite> <!-- practice.testng -->
