<?xml version="1.0" encoding="UTF-8"?>
<!-- Generated by org.testng.reporters.JUnitReportReporter -->
<testsuite hostname="Prakash_Muthu" failures="0" tests="5" name="day06.program03" time="0.013" errors="0" timestamp="2023-03-31T08:39:42 IST" skipped="2">
  <testcase classname="day06.program03" name="testcase5" time="0.012"/>
  <system-out/>
  <testcase classname="day06.program03" name="testcase4" time="0.001"/>
  <system-out/>
  <testcase classname="day06.program03" name="testcase2" time="0.000"/>
  <system-out/>
  <testcase classname="day06.program03" name="testcase1">
    <skipped/>
  </testcase> <!-- testcase1 -->
  <system-out/>
  <testcase classname="day06.program03" name="testcase3">
    <skipped/>
  </testcase> <!-- testcase3 -->
  <system-out/>
</testsuite> <!-- day06.program03 -->
