<?xml version="1.0" encoding="UTF-8"?>
<!-- Generated by org.testng.reporters.JUnitReportReporter -->
<testsuite hostname="Prakash_Muthu" failures="0" tests="1" name="day07.program02" time="0.004" errors="0" timestamp="2024-01-25T11:49:53 IST" skipped="0">
  <testcase classname="day07.program02" name="testcase06" time="0.004"/>
  <system-out/>
</testsuite> <!-- day07.program02 -->
