<?xml version="1.0" encoding="UTF-8"?>
<!-- Generated by org.testng.reporters.JUnitReportReporter -->
<testsuite hostname="Prakash_Muthu" failures="0" tests="3" name="day06.practice1" time="9.749" errors="0" timestamp="2023-04-03T10:47:45 IST" skipped="0">
  <testcase classname="day06.practice1" name="register" time="6.708"/>
  <system-out/>
  <testcase classname="day06.practice1" name="register" time="2.886"/>
  <system-out/>
  <testcase classname="day06.practice1" name="mousehover" time="0.155"/>
  <system-out/>
</testsuite> <!-- day06.practice1 -->
