<?xml version="1.0" encoding="UTF-8"?>
<!-- Generated by org.testng.reporters.JUnitReportReporter -->
<testsuite hostname="Prakash_Muthu" failures="0" tests="3" name="day06.program07" time="0.002" errors="0" timestamp="2023-04-02T09:43:51 IST" skipped="0">
  <testcase classname="day06.program07" name="testcase8" time="0.001"/>
  <system-out/>
  <testcase classname="day06.program07" name="testcase9" time="0.000"/>
  <system-out/>
  <testcase classname="day06.program07" name="testcase6" time="0.001"/>
  <system-out/>
</testsuite> <!-- day06.program07 -->
