<?xml version="1.0" encoding="UTF-8"?>
<!-- Generated by org.testng.reporters.JUnitReportReporter -->
<testsuite hostname="Prakash_Muthu" failures="0" tests="2" name="day08.program03" time="47.741" errors="0" timestamp="2023-04-10T08:31:04 IST" skipped="0">
  <testcase classname="day08.program03" name="chromeuser1" time="39.151"/>
  <system-out/>
  <testcase classname="day08.program03" name="chromeuser2" time="8.590"/>
  <system-out/>
</testsuite> <!-- day08.program03 -->
