<?xml version="1.0" encoding="UTF-8"?>
<!-- Generated by org.testng.reporters.JUnitReportReporter -->
<testsuite hostname="Prakash_Muthu" failures="0" tests="1" name="day06.practice2" time="2.937" errors="0" timestamp="2023-04-03T10:45:59 IST" skipped="0">
  <testcase classname="day06.practice2" name="register1" time="2.937"/>
  <system-out/>
</testsuite> <!-- day06.practice2 -->
