<?xml version="1.0" encoding="UTF-8"?>
<!-- Generated by org.testng.reporters.JUnitReportReporter -->
<testsuite hostname="Prakash_Muthu" failures="0" tests="1" name="day08.program01" time="8.122" errors="0" timestamp="2023-04-05T17:37:37 IST" skipped="0">
  <testcase classname="day08.program01" name="testcase" time="8.122"/>
  <system-out/>
</testsuite> <!-- day08.program01 -->
