<?xml version="1.0" encoding="UTF-8"?>
<!-- Generated by org.testng.reporters.JUnitReportReporter -->
<testsuite hostname="Prakash_Muthu" failures="0" tests="5" name="day06.program02" time="0.019" errors="0" timestamp="2023-03-31T08:38:22 IST" skipped="0">
  <testcase classname="day06.program02" name="testcase5" time="0.008"/>
  <system-out/>
  <testcase classname="day06.program02" name="testcase3" time="0.005"/>
  <system-out/>
  <testcase classname="day06.program02" name="testcase4" time="0.002"/>
  <system-out/>
  <testcase classname="day06.program02" name="testcase2" time="0.001"/>
  <system-out/>
  <testcase classname="day06.program02" name="testcase1" time="0.003"/>
  <system-out/>
</testsuite> <!-- day06.program02 -->
