<?xml version="1.0" encoding="UTF-8"?>
<!-- Generated by org.testng.reporters.JUnitReportReporter -->
<testsuite hostname="Prakash_Muthu" failures="0" tests="3" name="day06.program06" time="0.019" errors="0" timestamp="2023-05-13T09:56:19 IST" skipped="0">
  <testcase classname="day06.program06" name="testcase3" time="0.005"/>
  <system-out/>
  <testcase classname="day06.program06" name="testcase1" time="0.011"/>
  <system-out/>
  <testcase classname="day06.program06" name="testcase2" time="0.003"/>
  <system-out/>
</testsuite> <!-- day06.program06 -->
