<?xml version="1.0" encoding="UTF-8"?>
<!-- Generated by org.testng.reporters.JUnitReportReporter -->
<testsuite hostname="Prakash_Muthu" failures="0" tests="1" name="practice.testng" time="14.839" errors="0" timestamp="2023-04-24T19:54:36 IST" skipped="0">
  <testcase classname="practice.testng" name="login" time="14.839"/>
  <system-out/>
</testsuite> <!-- practice.testng -->
